Info: Starting: Create simulation model
Info: qsys-generate D:\intelFPGA\18.1\NIOS_IIR\SysFiltr.qsys --simulation=VERILOG --allow-mixed-language-simulation --output-directory=D:\intelFPGA\18.1\NIOS_IIR\SysFiltr\simulation --family="Cyclone V" --part=5CSEMA5F31C6
Progress: Loading NIOS_IIR/SysFiltr.qsys
Progress: Reading input file
Progress: Adding clk_0 [clock_source 18.1]
Progress: Parameterizing module clk_0
Progress: Adding cpu [altera_nios2_gen2 18.1]
Progress: Parameterizing module cpu
Progress: Adding decoder [Decoder 1.0]
Progress: Parameterizing module decoder
Progress: Adding ram [altera_avalon_onchip_memory2 18.1]
Progress: Parameterizing module ram
Progress: Building connections
Progress: Parameterizing connections
Progress: Validating
Progress: Done reading input file
Info: SysFiltr: Generating SysFiltr "SysFiltr" for SIM_VERILOG
Info: cpu: "SysFiltr" instantiated altera_nios2_gen2 "cpu"
Info: decoder: "SysFiltr" instantiated Decoder "decoder"
Info: ram: Starting RTL generation for module 'SysFiltr_ram'
Info: ram:   Generation command is [exec K:/intelfpga_lite/18.1/quartus/bin64/perl/bin/perl.exe -I K:/intelfpga_lite/18.1/quartus/bin64/perl/lib -I K:/intelfpga_lite/18.1/quartus/sopc_builder/bin/europa -I K:/intelfpga_lite/18.1/quartus/sopc_builder/bin/perl_lib -I K:/intelfpga_lite/18.1/quartus/sopc_builder/bin -I K:/intelfpga_lite/18.1/quartus/../ip/altera/sopc_builder_ip/common -I K:/intelfpga_lite/18.1/quartus/../ip/altera/sopc_builder_ip/altera_avalon_onchip_memory2 -- K:/intelfpga_lite/18.1/quartus/../ip/altera/sopc_builder_ip/altera_avalon_onchip_memory2/generate_rtl.pl --name=SysFiltr_ram --dir=C:/Users/123/AppData/Local/Temp/alt9149_2035299115046795972.dir/0004_ram_gen/ --quartus_dir=K:/intelfpga_lite/18.1/quartus --verilog --config=C:/Users/123/AppData/Local/Temp/alt9149_2035299115046795972.dir/0004_ram_gen//SysFiltr_ram_component_configuration.pl  --do_build_sim=1    --sim_dir=C:/Users/123/AppData/Local/Temp/alt9149_2035299115046795972.dir/0004_ram_gen/  ]
Info: ram: Done RTL generation for module 'SysFiltr_ram'
Info: ram: "SysFiltr" instantiated altera_avalon_onchip_memory2 "ram"
Info: avalon_st_adapter: Inserting error_adapter: error_adapter_0
Info: avalon_st_adapter_001: Inserting error_adapter: error_adapter_0
Info: avalon_st_adapter_002: Inserting error_adapter: error_adapter_0
Info: avalon_st_adapter_003: Inserting error_adapter: error_adapter_0
Info: mm_interconnect_0: "SysFiltr" instantiated altera_mm_interconnect "mm_interconnect_0"
Info: irq_mapper: "SysFiltr" instantiated altera_irq_mapper "irq_mapper"
Info: rst_controller: "SysFiltr" instantiated altera_reset_controller "rst_controller"
Info: cpu: Starting RTL generation for module 'SysFiltr_cpu_cpu'
Info: cpu:   Generation command is [exec K:/intelFPGA_lite/18.1/quartus/bin64//eperlcmd.exe -I K:/intelFPGA_lite/18.1/quartus/bin64//perl/lib -I K:/intelfpga_lite/18.1/quartus/sopc_builder/bin/europa -I K:/intelfpga_lite/18.1/quartus/sopc_builder/bin/perl_lib -I K:/intelfpga_lite/18.1/quartus/sopc_builder/bin -I K:/intelfpga_lite/18.1/quartus/../ip/altera/nios2_ip/altera_nios2_gen2/cpu_lib -I K:/intelfpga_lite/18.1/quartus/../ip/altera/nios2_ip/altera_nios2_gen2/nios_lib -I K:/intelfpga_lite/18.1/quartus/../ip/altera/nios2_ip/altera_nios2_gen2 -I K:/intelfpga_lite/18.1/quartus/../ip/altera/nios2_ip/altera_nios2_gen2 -- K:/intelfpga_lite/18.1/quartus/../ip/altera/nios2_ip/altera_nios2_gen2/generate_rtl.epl --name=SysFiltr_cpu_cpu --dir=C:/Users/123/AppData/Local/Temp/alt9149_2035299115046795972.dir/0007_cpu_gen/ --quartus_bindir=K:/intelFPGA_lite/18.1/quartus/bin64/ --verilog --config=C:/Users/123/AppData/Local/Temp/alt9149_2035299115046795972.dir/0007_cpu_gen//SysFiltr_cpu_cpu_processor_configuration.pl  --do_build_sim=1    --sim_dir=C:/Users/123/AppData/Local/Temp/alt9149_2035299115046795972.dir/0007_cpu_gen/  ]
Info: cpu: # 2022.06.07 01:04:23 (*) Starting Nios II generation
Info: cpu: # 2022.06.07 01:04:23 (*)   Checking for plaintext license.
Info: cpu: # 2022.06.07 01:04:24 (*)   Couldn't query license setup in Quartus directory K:/intelFPGA_lite/18.1/quartus/bin64/
Info: cpu: # 2022.06.07 01:04:24 (*)   Defaulting to contents of LM_LICENSE_FILE environment variable
Info: cpu: # 2022.06.07 01:04:24 (*)   LM_LICENSE_FILE environment variable is empty
Info: cpu: # 2022.06.07 01:04:24 (*)   Plaintext license not found.
Info: cpu: # 2022.06.07 01:04:24 (*)   No license required to generate encrypted Nios II/e.
Info: cpu: # 2022.06.07 01:04:24 (*)   Elaborating CPU configuration settings
Info: cpu: # 2022.06.07 01:04:24 (*)   Creating all objects for CPU
Info: cpu: # 2022.06.07 01:04:25 (*)   Creating 'C:/Users/123/AppData/Local/Temp/alt9149_2035299115046795972.dir/0007_cpu_gen//SysFiltr_cpu_cpu_nios2_waves.do'
Info: cpu: # 2022.06.07 01:04:25 (*)   Generating RTL from CPU objects
Info: cpu: # 2022.06.07 01:04:25 (*)   Creating plain-text RTL
Info: cpu: # 2022.06.07 01:04:26 (*) Done Nios II generation
Info: cpu: Done RTL generation for module 'SysFiltr_cpu_cpu'
Info: cpu: "cpu" instantiated altera_nios2_gen2_unit "cpu"
Info: cpu_data_master_translator: "mm_interconnect_0" instantiated altera_merlin_master_translator "cpu_data_master_translator"
Info: decoder_avalon_slave_translator: "mm_interconnect_0" instantiated altera_merlin_slave_translator "decoder_avalon_slave_translator"
Info: cpu_data_master_agent: "mm_interconnect_0" instantiated altera_merlin_master_agent "cpu_data_master_agent"
Info: decoder_avalon_slave_agent: "mm_interconnect_0" instantiated altera_merlin_slave_agent "decoder_avalon_slave_agent"
Info: decoder_avalon_slave_agent_rsp_fifo: "mm_interconnect_0" instantiated altera_avalon_sc_fifo "decoder_avalon_slave_agent_rsp_fifo"
Info: router: "mm_interconnect_0" instantiated altera_merlin_router "router"
Info: router_001: "mm_interconnect_0" instantiated altera_merlin_router "router_001"
Info: router_002: "mm_interconnect_0" instantiated altera_merlin_router "router_002"
Info: router_003: "mm_interconnect_0" instantiated altera_merlin_router "router_003"
Info: router_005: "mm_interconnect_0" instantiated altera_merlin_router "router_005"
Info: cmd_demux: "mm_interconnect_0" instantiated altera_merlin_demultiplexer "cmd_demux"
Info: cmd_demux_001: "mm_interconnect_0" instantiated altera_merlin_demultiplexer "cmd_demux_001"
Info: cmd_mux: "mm_interconnect_0" instantiated altera_merlin_multiplexer "cmd_mux"
Info: cmd_mux_001: "mm_interconnect_0" instantiated altera_merlin_multiplexer "cmd_mux_001"
Info: Reusing file D:/intelFPGA/18.1/NIOS_IIR/SysFiltr/simulation/submodules/altera_merlin_arbitrator.sv
Info: rsp_demux: "mm_interconnect_0" instantiated altera_merlin_demultiplexer "rsp_demux"
Info: rsp_mux: "mm_interconnect_0" instantiated altera_merlin_multiplexer "rsp_mux"
Info: Reusing file D:/intelFPGA/18.1/NIOS_IIR/SysFiltr/simulation/submodules/altera_merlin_arbitrator.sv
Info: rsp_mux_001: "mm_interconnect_0" instantiated altera_merlin_multiplexer "rsp_mux_001"
Info: Reusing file D:/intelFPGA/18.1/NIOS_IIR/SysFiltr/simulation/submodules/altera_merlin_arbitrator.sv
Info: avalon_st_adapter: "mm_interconnect_0" instantiated altera_avalon_st_adapter "avalon_st_adapter"
Info: error_adapter_0: "avalon_st_adapter" instantiated error_adapter "error_adapter_0"
Info: SysFiltr: Done "SysFiltr" with 27 modules, 93 files
Info: qsys-generate succeeded.
Info: Finished: Create simulation model
Info: Starting: Create Modelsim Project.
Info: sim-script-gen --spd=D:\intelFPGA\18.1\NIOS_IIR\SysFiltr\SysFiltr.spd --output-directory=D:/intelFPGA/18.1/NIOS_IIR/SysFiltr/simulation/ --use-relative-paths=true
Info: Doing: ip-make-simscript --spd=D:\intelFPGA\18.1\NIOS_IIR\SysFiltr\SysFiltr.spd --output-directory=D:/intelFPGA/18.1/NIOS_IIR/SysFiltr/simulation/ --use-relative-paths=true
Info: Generating the following file(s) for MODELSIM simulator in D:/intelFPGA/18.1/NIOS_IIR/SysFiltr/simulation/ directory:
Info: 	mentor/msim_setup.tcl
Info: Skipping VCS script generation since VHDL file $QUARTUS_INSTALL_DIR/eda/sim_lib/altera_syn_attributes.vhd is required for simulation
Info: Generating the following file(s) for VCSMX simulator in D:/intelFPGA/18.1/NIOS_IIR/SysFiltr/simulation/ directory:
Info: 	synopsys/vcsmx/synopsys_sim.setup
Info: 	synopsys/vcsmx/vcsmx_setup.sh
Info: Generating the following file(s) for NCSIM simulator in D:/intelFPGA/18.1/NIOS_IIR/SysFiltr/simulation/ directory:
Info: 	cadence/cds.lib
Info: 	cadence/hdl.var
Info: 	cadence/ncsim_setup.sh
Info: 	25 .cds.lib files in cadence/cds_libs/ directory
Info: Generating the following file(s) for RIVIERA simulator in D:/intelFPGA/18.1/NIOS_IIR/SysFiltr/simulation/ directory:
Info: 	aldec/rivierapro_setup.tcl
Info: For information on how to simulate your IP, see the explanatory comments in the simulator-specific subdirectories under D:/intelFPGA/18.1/NIOS_IIR/SysFiltr/simulation/.
Info: Regenerate these scripts whenever you make any change to any Quartus-generated IP in your project.
Info: Finished: Create Modelsim Project.
Info: 
Info: Starting: Create HDL design files for synthesis
Info: qsys-generate D:\intelFPGA\18.1\NIOS_IIR\SysFiltr.qsys --synthesis=VERILOG --output-directory=D:\intelFPGA\18.1\NIOS_IIR\SysFiltr\synthesis --family="Cyclone V" --part=5CSEMA5F31C6
Progress: Loading NIOS_IIR/SysFiltr.qsys
Progress: Reading input file
Progress: Adding clk_0 [clock_source 18.1]
Progress: Parameterizing module clk_0
Progress: Adding cpu [altera_nios2_gen2 18.1]
Progress: Parameterizing module cpu
Progress: Adding decoder [Decoder 1.0]
Progress: Parameterizing module decoder
Progress: Adding ram [altera_avalon_onchip_memory2 18.1]
Progress: Parameterizing module ram
Progress: Building connections
Progress: Parameterizing connections
Progress: Validating
Progress: Done reading input file
Info: SysFiltr: Generating SysFiltr "SysFiltr" for QUARTUS_SYNTH
Info: cpu: "SysFiltr" instantiated altera_nios2_gen2 "cpu"
Info: decoder: "SysFiltr" instantiated Decoder "decoder"
Info: ram: Starting RTL generation for module 'SysFiltr_ram'
Info: ram:   Generation command is [exec K:/intelfpga_lite/18.1/quartus/bin64/perl/bin/perl.exe -I K:/intelfpga_lite/18.1/quartus/bin64/perl/lib -I K:/intelfpga_lite/18.1/quartus/sopc_builder/bin/europa -I K:/intelfpga_lite/18.1/quartus/sopc_builder/bin/perl_lib -I K:/intelfpga_lite/18.1/quartus/sopc_builder/bin -I K:/intelfpga_lite/18.1/quartus/../ip/altera/sopc_builder_ip/common -I K:/intelfpga_lite/18.1/quartus/../ip/altera/sopc_builder_ip/altera_avalon_onchip_memory2 -- K:/intelfpga_lite/18.1/quartus/../ip/altera/sopc_builder_ip/altera_avalon_onchip_memory2/generate_rtl.pl --name=SysFiltr_ram --dir=C:/Users/123/AppData/Local/Temp/alt9149_2035299115046795972.dir/0028_ram_gen/ --quartus_dir=K:/intelfpga_lite/18.1/quartus --verilog --config=C:/Users/123/AppData/Local/Temp/alt9149_2035299115046795972.dir/0028_ram_gen//SysFiltr_ram_component_configuration.pl  --do_build_sim=0  ]
Info: ram: Done RTL generation for module 'SysFiltr_ram'
Info: ram: "SysFiltr" instantiated altera_avalon_onchip_memory2 "ram"
Info: avalon_st_adapter: Inserting error_adapter: error_adapter_0
Info: avalon_st_adapter_001: Inserting error_adapter: error_adapter_0
Info: avalon_st_adapter_002: Inserting error_adapter: error_adapter_0
Info: avalon_st_adapter_003: Inserting error_adapter: error_adapter_0
Info: mm_interconnect_0: "SysFiltr" instantiated altera_mm_interconnect "mm_interconnect_0"
Info: irq_mapper: "SysFiltr" instantiated altera_irq_mapper "irq_mapper"
Info: rst_controller: "SysFiltr" instantiated altera_reset_controller "rst_controller"
Info: cpu: Starting RTL generation for module 'SysFiltr_cpu_cpu'
Info: cpu:   Generation command is [exec K:/intelFPGA_lite/18.1/quartus/bin64//eperlcmd.exe -I K:/intelFPGA_lite/18.1/quartus/bin64//perl/lib -I K:/intelfpga_lite/18.1/quartus/sopc_builder/bin/europa -I K:/intelfpga_lite/18.1/quartus/sopc_builder/bin/perl_lib -I K:/intelfpga_lite/18.1/quartus/sopc_builder/bin -I K:/intelfpga_lite/18.1/quartus/../ip/altera/nios2_ip/altera_nios2_gen2/cpu_lib -I K:/intelfpga_lite/18.1/quartus/../ip/altera/nios2_ip/altera_nios2_gen2/nios_lib -I K:/intelfpga_lite/18.1/quartus/../ip/altera/nios2_ip/altera_nios2_gen2 -I K:/intelfpga_lite/18.1/quartus/../ip/altera/nios2_ip/altera_nios2_gen2 -- K:/intelfpga_lite/18.1/quartus/../ip/altera/nios2_ip/altera_nios2_gen2/generate_rtl.epl --name=SysFiltr_cpu_cpu --dir=C:/Users/123/AppData/Local/Temp/alt9149_2035299115046795972.dir/0031_cpu_gen/ --quartus_bindir=K:/intelFPGA_lite/18.1/quartus/bin64/ --verilog --config=C:/Users/123/AppData/Local/Temp/alt9149_2035299115046795972.dir/0031_cpu_gen//SysFiltr_cpu_cpu_processor_configuration.pl  --do_build_sim=0  ]
Info: cpu: # 2022.06.07 01:05:01 (*) Starting Nios II generation
Info: cpu: # 2022.06.07 01:05:01 (*)   Checking for plaintext license.
Info: cpu: # 2022.06.07 01:05:02 (*)   Couldn't query license setup in Quartus directory K:/intelFPGA_lite/18.1/quartus/bin64/
Info: cpu: # 2022.06.07 01:05:02 (*)   Defaulting to contents of LM_LICENSE_FILE environment variable
Info: cpu: # 2022.06.07 01:05:02 (*)   LM_LICENSE_FILE environment variable is empty
Info: cpu: # 2022.06.07 01:05:02 (*)   Plaintext license not found.
Info: cpu: # 2022.06.07 01:05:02 (*)   No license required to generate encrypted Nios II/e.
Info: cpu: # 2022.06.07 01:05:02 (*)   Elaborating CPU configuration settings
Info: cpu: # 2022.06.07 01:05:02 (*)   Creating all objects for CPU
Info: cpu: # 2022.06.07 01:05:03 (*)   Generating RTL from CPU objects
Info: cpu: # 2022.06.07 01:05:03 (*)   Creating plain-text RTL
Info: cpu: # 2022.06.07 01:05:04 (*) Done Nios II generation
Info: cpu: Done RTL generation for module 'SysFiltr_cpu_cpu'
Info: cpu: "cpu" instantiated altera_nios2_gen2_unit "cpu"
Info: cpu_data_master_translator: "mm_interconnect_0" instantiated altera_merlin_master_translator "cpu_data_master_translator"
Info: decoder_avalon_slave_translator: "mm_interconnect_0" instantiated altera_merlin_slave_translator "decoder_avalon_slave_translator"
Info: cpu_data_master_agent: "mm_interconnect_0" instantiated altera_merlin_master_agent "cpu_data_master_agent"
Info: decoder_avalon_slave_agent: "mm_interconnect_0" instantiated altera_merlin_slave_agent "decoder_avalon_slave_agent"
Info: decoder_avalon_slave_agent_rsp_fifo: "mm_interconnect_0" instantiated altera_avalon_sc_fifo "decoder_avalon_slave_agent_rsp_fifo"
Info: router: "mm_interconnect_0" instantiated altera_merlin_router "router"
Info: router_001: "mm_interconnect_0" instantiated altera_merlin_router "router_001"
Info: router_002: "mm_interconnect_0" instantiated altera_merlin_router "router_002"
Info: router_003: "mm_interconnect_0" instantiated altera_merlin_router "router_003"
Info: router_005: "mm_interconnect_0" instantiated altera_merlin_router "router_005"
Info: cmd_demux: "mm_interconnect_0" instantiated altera_merlin_demultiplexer "cmd_demux"
Info: cmd_demux_001: "mm_interconnect_0" instantiated altera_merlin_demultiplexer "cmd_demux_001"
Info: cmd_mux: "mm_interconnect_0" instantiated altera_merlin_multiplexer "cmd_mux"
Info: cmd_mux_001: "mm_interconnect_0" instantiated altera_merlin_multiplexer "cmd_mux_001"
Info: Reusing file D:/intelFPGA/18.1/NIOS_IIR/SysFiltr/synthesis/submodules/altera_merlin_arbitrator.sv
Info: rsp_demux: "mm_interconnect_0" instantiated altera_merlin_demultiplexer "rsp_demux"
Info: rsp_mux: "mm_interconnect_0" instantiated altera_merlin_multiplexer "rsp_mux"
Info: Reusing file D:/intelFPGA/18.1/NIOS_IIR/SysFiltr/synthesis/submodules/altera_merlin_arbitrator.sv
Info: rsp_mux_001: "mm_interconnect_0" instantiated altera_merlin_multiplexer "rsp_mux_001"
Info: Reusing file D:/intelFPGA/18.1/NIOS_IIR/SysFiltr/synthesis/submodules/altera_merlin_arbitrator.sv
Info: avalon_st_adapter: "mm_interconnect_0" instantiated altera_avalon_st_adapter "avalon_st_adapter"
Info: error_adapter_0: "avalon_st_adapter" instantiated error_adapter "error_adapter_0"
Info: SysFiltr: Done "SysFiltr" with 27 modules, 75 files
Info: qsys-generate succeeded.
Info: Finished: Create HDL design files for synthesis
